

/******************************************************************************************
* ReadStepFile diagnostics.
* Date:                           Tue Feb 27 10:09:52 2018
* Produced by:                    The EXPRESS Data Manager Version 5.02.0100.07 : 28 Aug 2013
* Module:                         EDMstepFileFactory/EDMstandAlone
* Host:                           DESKTOP-S2A6146
* Database:                       C:\Users\AMRFAY~1\AppData\Local\Temp\{00F27AE5-8ABC-4879-801C-6C2C8FFF0AE7}\ifc
* Database version:               5507
* Database creation date:         Tue Feb 27 10:09:52 2018
* Model to populate:              DataRepository.ifcimport
* Header model to populate:       
* Step file name:                 ThreeWalls.ifc
* EDMuser:                        sdai-user
* EDMgroup:                       sdai-group
* License ID and type:            5605 : Permanent license. Expiry date: 
* EDMstepFileFactory options:     010201000002
******************************************************************************************/


------------------------------------------------------------------------------------------------
 Operation terminated successfully.
------------------------------------------------------------------------------------------------

